#
# There is insufficient memory for the Java Runtime Environment to continue.
# Native memory allocation (mmap) failed to map 100663296 bytes for G1 virtual space
# Possible reasons:
#   The system is out of physical RAM or swap space
#   The process is running with CompressedOops enabled, and the Java Heap may be blocking the growth of the native heap
# Possible solutions:
#   Reduce memory load on the system
#   Increase physical memory or swap space
#   Check if swap backing store is full
#   Decrease Java heap size (-Xmx/-Xms)
#   Decrease number of Java threads
#   Decrease Java thread stack sizes (-Xss)
#   Set larger code cache with -XX:ReservedCodeCacheSize=
#   JVM is running with Unscaled Compressed Oops mode in which the Java heap is
#     placed in the first 4GB address space. The Java Heap base address is the
#     maximum limit for the native heap growth. Please use -XX:HeapBaseMinAddress
#     to set the Java Heap base and to place the Java Heap above 4GB virtual address.
# This output file may be truncated or incomplete.
#
#  Out of Memory Error (os_windows.cpp:3528), pid=17488, tid=5528
#
# JRE version:  (20.0+27) (build )
# Java VM: OpenJDK 64-Bit Server VM (20-ea+27-2213, mixed mode, sharing, tiered, compressed oops, compressed class ptrs, g1 gc, windows-amd64)
# No core dump will be written. Minidumps are not enabled by default on client versions of Windows
#

---------------  S U M M A R Y ------------

Command Line: -Dfile.encoding=UTF-8 -Djava.security.policy=applet.policy --module-path=D:\Documents\NetBeansProjects\Sales and Inventory Management System6\Sales and Inventory Management System\build\classes sales.and.inventory.management.system.AddContract

Host: AMD Athlon 200GE with Radeon Vega Graphics     , 4 cores, 5G,  Windows 11 , 64 bit Build 22000 (10.0.22000.1761)
Time: Tue Apr 18 16:20:04 2023 Malay Peninsula Standard Time elapsed time: 0.020969 seconds (0d 0h 0m 0s)

---------------  T H R E A D  ---------------

Current thread (0x00000270064931f0):  JavaThread "Unknown thread" [_thread_in_vm, id=5528, stack(0x00000092f4900000,0x00000092f4a00000)]

Stack: [0x00000092f4900000,0x00000092f4a00000]
Native frames: (J=compiled Java code, j=interpreted, Vv=VM code, C=native code)
V  [jvm.dll+0x6bca5a]
V  [jvm.dll+0x84928a]
V  [jvm.dll+0x84ae85]
V  [jvm.dll+0x84b583]
V  [jvm.dll+0x2811ef]
V  [jvm.dll+0x6b97e9]
V  [jvm.dll+0x6ae3da]
V  [jvm.dll+0x35b4c5]
V  [jvm.dll+0x363786]
V  [jvm.dll+0x3b478e]
V  [jvm.dll+0x3b4a15]
V  [jvm.dll+0x32bbda]
V  [jvm.dll+0x32c9fb]
V  [jvm.dll+0x811f2f]
V  [jvm.dll+0x3c1a01]
V  [jvm.dll+0x7fdc53]
V  [jvm.dll+0x44d64f]
V  [jvm.dll+0x44efc1]
C  [jli.dll+0x5287]
C  [ucrtbase.dll+0x26c0c]
C  [KERNEL32.DLL+0x15590]
C  [ntdll.dll+0x485b]


---------------  P R O C E S S  ---------------

Threads class SMR info:
_java_thread_list=0x00007ffa4508b098, length=0, elements={
}

Java Threads: ( => current thread )

Other Threads:
  0x00000270064e2f40 WorkerThread "GC Thread#0" [stack: 0x00000092f4a00000,0x00000092f4b00000] [id=13436]
  0x00000270064f07f0 ConcurrentGCThread "G1 Main Marker" [stack: 0x00000092f4b00000,0x00000092f4c00000] [id=3844]
  0x00000270064f2880 WorkerThread "G1 Conc#0" [stack: 0x00000092f4c00000,0x00000092f4d00000] [id=10604]

[error occurred during error reporting (printing all threads), id 0xc0000005, EXCEPTION_ACCESS_VIOLATION (0xc0000005) at pc=0x00007ffa4486f1d7]
VM state: not at safepoint (not fully initialized)

VM Mutex/Monitor currently owned by a thread:  ([mutex/lock_event])
[0x00000270042abba0] Heap_lock - owner thread: 0x00000270064931f0

Heap address: 0x00000000a1200000, size: 1518 MB, Compressed Oops mode: 32-bit

CDS archive(s) mapped at: [0x0000000000000000-0x0000000000000000-0x0000000000000000), size 0, SharedBaseAddress: 0x0000000800000000, ArchiveRelocationMode: 0.
Narrow klass base: 0x0000000000000000, Narrow klass shift: 0, Narrow klass range: 0x0

GC Precious Log:
 CardTable entry size: 512
 Card Set container configuration: InlinePtr #cards 5 size 8 Array Of Cards #cards 12 size 40 Howl #buckets 4 coarsen threshold 1843 Howl Bitmap #cards 512 size 80 coarsen threshold 460 Card regions per heap region 1 cards per card region 2048

Heap:
 garbage-first heap   total 0K, used 0K [0x00000000a1200000, 0x0000000100000000)
  region size 1024K, 0 young (0K), 0 survivors (0K)

[error occurred during error reporting (printing heap information), id 0xc0000005, EXCEPTION_ACCESS_VIOLATION (0xc0000005) at pc=0x00007ffa44c44e49]
GC Heap History (0 events):
No events

Dll operation events (1 events):
Event: 0.009 Loaded shared library C:\Program Files\Java\jdk-20\bin\java.dll

Deoptimization events (0 events):
No events

Classes loaded (0 events):
No events

Classes unloaded (0 events):
No events

Classes redefined (0 events):
No events

Internal exceptions (0 events):
No events

VM Operations (0 events):
No events

Events (0 events):
No events


Dynamic libraries:
0x00007ff7e0880000 - 0x00007ff7e088e000 	C:\Program Files\Java\jdk-20\bin\java.exe
0x00007ffa7f4a0000 - 0x00007ffa7f6a9000 	C:\Windows\SYSTEM32\ntdll.dll
0x00007ffa5b9d0000 - 0x00007ffa5b9e9000 	C:\Program Files\Avast Software\Avast\aswhook.dll
0x00007ffa7f1b0000 - 0x00007ffa7f26e000 	C:\Windows\System32\KERNEL32.DLL
0x00007ffa7cda0000 - 0x00007ffa7d123000 	C:\Windows\System32\KERNELBASE.dll
0x00007ffa7cb10000 - 0x00007ffa7cc21000 	C:\Windows\System32\ucrtbase.dll
0x00007ffa673f0000 - 0x00007ffa67407000 	C:\Program Files\Java\jdk-20\bin\jli.dll
0x00007ffa67410000 - 0x00007ffa6742b000 	C:\Program Files\Java\jdk-20\bin\VCRUNTIME140.dll
0x00007ffa7f290000 - 0x00007ffa7f43d000 	C:\Windows\System32\USER32.dll
0x00007ffa7d1b0000 - 0x00007ffa7d1d6000 	C:\Windows\System32\win32u.dll
0x00007ffa63140000 - 0x00007ffa633e5000 	C:\Windows\WinSxS\amd64_microsoft.windows.common-controls_6595b64144ccf1df_6.0.22000.120_none_9d947278b86cc467\COMCTL32.dll
0x00007ffa7dc80000 - 0x00007ffa7dca9000 	C:\Windows\System32\GDI32.dll
0x00007ffa7d3f0000 - 0x00007ffa7d493000 	C:\Windows\System32\msvcrt.dll
0x00007ffa7c950000 - 0x00007ffa7ca6a000 	C:\Windows\System32\gdi32full.dll
0x00007ffa7ca70000 - 0x00007ffa7cb0d000 	C:\Windows\System32\msvcp_win.dll
0x00007ffa7dd50000 - 0x00007ffa7dd81000 	C:\Windows\System32\IMM32.DLL
0x00007ffa79320000 - 0x00007ffa7932c000 	C:\Program Files\Java\jdk-20\bin\vcruntime140_1.dll
0x00007ffa665c0000 - 0x00007ffa6664e000 	C:\Program Files\Java\jdk-20\bin\msvcp140.dll
0x00007ffa44530000 - 0x00007ffa451c8000 	C:\Program Files\Java\jdk-20\bin\server\jvm.dll
0x00007ffa7d4a0000 - 0x00007ffa7d54e000 	C:\Windows\System32\ADVAPI32.dll
0x00007ffa7dcb0000 - 0x00007ffa7dd4e000 	C:\Windows\System32\sechost.dll
0x00007ffa7f000000 - 0x00007ffa7f121000 	C:\Windows\System32\RPCRT4.dll
0x00007ffa73610000 - 0x00007ffa73643000 	C:\Windows\SYSTEM32\WINMM.dll
0x00007ffa6c980000 - 0x00007ffa6c989000 	C:\Windows\SYSTEM32\WSOCK32.dll
0x00007ffa775f0000 - 0x00007ffa775fa000 	C:\Windows\SYSTEM32\VERSION.dll
0x00007ffa7e9e0000 - 0x00007ffa7ea4f000 	C:\Windows\System32\WS2_32.dll
0x00007ffa7b9d0000 - 0x00007ffa7b9e8000 	C:\Windows\SYSTEM32\kernel.appcore.dll
0x00007ffa6b3d0000 - 0x00007ffa6b3da000 	C:\Program Files\Java\jdk-20\bin\jimage.dll
0x00007ffa77ee0000 - 0x00007ffa78101000 	C:\Windows\SYSTEM32\DBGHELP.DLL
0x00007ffa77110000 - 0x00007ffa77141000 	C:\Windows\SYSTEM32\dbgcore.DLL
0x00007ffa7d130000 - 0x00007ffa7d1af000 	C:\Windows\System32\bcryptPrimitives.dll
0x00007ffa673c0000 - 0x00007ffa673e6000 	C:\Program Files\Java\jdk-20\bin\java.dll

dbghelp: loaded successfully - version: 4.0.5 - missing functions: none
symbol engine: initialized successfully - sym options: 0x614 - pdb path: .;C:\Program Files\Java\jdk-20\bin;C:\Windows\SYSTEM32;C:\Program Files\Avast Software\Avast;C:\Windows\WinSxS\amd64_microsoft.windows.common-controls_6595b64144ccf1df_6.0.22000.120_none_9d947278b86cc467;C:\Program Files\Java\jdk-20\bin\server

VM Arguments:
jvm_args: -Dfile.encoding=UTF-8 -Djava.security.policy=applet.policy --module-path=D:\Documents\NetBeansProjects\Sales and Inventory Management System6\Sales and Inventory Management System\build\classes 
java_command: sales.and.inventory.management.system.AddContract
java_class_path (initial): D:\Documents\mysql-connector-j-8.0.31.jar;D:\Documents\barcode4j.jar;D:\Documents\itextpdf-5.5.9.jar;D:\Documents\NetBeansProjects\Libraries\twilio-9.2.1-jar-with-dependencies.jar;D:\Documents\NetBeansProjects\Libraries\twilio-9.2.1.jar;D:\Documents\NetBeansProjects\Sales and Inventory Management System6\Sales and Inventory Management System\lib\barcode4j.jar;D:\Documents\NetBeansProjects\Sales and Inventory Management System6\Sales and Inventory Management System\lib\itextpdf-5.5.9.jar;D:\Documents\NetBeansProjects\Sales and Inventory Management System6\Sales and Inventory Management System\lib\mysql-connector-j-8.0.31.jar;D:\Documents\NetBeansProjects\Sales and Inventory Management System6\Sales and Inventory Management System\lib\twilio-9.2.1.jar;D:\Documents\NetBeansProjects\Sales and Inventory Management System6\Sales and Inventory Management System\lib\twilio-9.2.1-jar-with-dependencies.jar;D:\Documents\NetBeansProjects\jcalendar-1.4.jar;D:\Documents\NetBeansProjects\Sales and Inventory Management System6\Sales and Inventory Management System\build\classes
Launcher Type: SUN_STANDARD

[Global flags]
     intx CICompilerCount                          = 3                                         {product} {ergonomic}
     uint ConcGCThreads                            = 1                                         {product} {ergonomic}
     uint G1ConcRefinementThreads                  = 4                                         {product} {ergonomic}
   size_t G1HeapRegionSize                         = 1048576                                   {product} {ergonomic}
    uintx GCDrainStackTargetSize                   = 64                                        {product} {ergonomic}
   size_t InitialHeapSize                          = 100663296                                 {product} {ergonomic}
   size_t MarkStackSize                            = 4194304                                   {product} {ergonomic}
   size_t MaxHeapSize                              = 1591738368                                {product} {ergonomic}
   size_t MinHeapDeltaBytes                        = 1048576                                   {product} {ergonomic}
   size_t MinHeapSize                              = 8388608                                   {product} {ergonomic}
    uintx NonNMethodCodeHeapSize                   = 5832780                                {pd product} {ergonomic}
    uintx NonProfiledCodeHeapSize                  = 122912730                              {pd product} {ergonomic}
    uintx ProfiledCodeHeapSize                     = 122912730                              {pd product} {ergonomic}
    uintx ReservedCodeCacheSize                    = 251658240                              {pd product} {ergonomic}
     bool SegmentedCodeCache                       = true                                      {product} {ergonomic}
   size_t SoftMaxHeapSize                          = 1591738368                             {manageable} {ergonomic}
     bool UseCompressedClassPointers               = true                           {product lp64_product} {ergonomic}
     bool UseCompressedOops                        = true                           {product lp64_product} {ergonomic}
     bool UseG1GC                                  = true                                      {product} {ergonomic}
     bool UseLargePagesIndividualAllocation        = false                                  {pd product} {ergonomic}

Logging:
Log output configuration:
 #0: stdout all=warning uptime,level,tags foldmultilines=false
 #1: stderr all=off uptime,level,tags foldmultilines=false

Environment Variables:
PATH=C:\Python311\Scripts\;C:\Python311\;C:\Program Files\Common Files\Oracle\Java\javapath;C:\Program Files (x86)\Common Files\Oracle\Java\javapath;C:\Windows\system32;C:\Windows;C:\Windows\System32\Wbem;C:\Windows\System32\WindowsPowerShell\v1.0\;C:\Windows\System32\OpenSSH\;D:\Documents\ACADS\Git\cmd;D:\php;C:\composer;C:\ProgramData\chocolatey\bin;C:\Program Files\nodejs\;C:\Program Files\MySQL\MySQL Shell 8.0\bin\;C:\Users\Emman\AppData\Local\Microsoft\WindowsApps;;D:\VSCode\Microsoft VS Code\bin;C:\Users\Emman\AppData\Roaming\Composer\vendor\bin;C:\Users\Emman\AppData\Roaming\npm
USERNAME=Emman
OS=Windows_NT
PROCESSOR_IDENTIFIER=AMD64 Family 23 Model 17 Stepping 0, AuthenticAMD
TMP=C:\Users\Emman\AppData\Local\Temp
TEMP=C:\Users\Emman\AppData\Local\Temp




---------------  S Y S T E M  ---------------

OS:
 Windows 11 , 64 bit Build 22000 (10.0.22000.1761)
OS uptime: 2 days 9:29 hours

CPU: total 4 (initial active 4) (4 cores per cpu, 2 threads per core) family 23 model 17 stepping 0 microcode 0x0, cx8, cmov, fxsr, ht, mmx, 3dnowpref, sse, sse2, sse3, ssse3, sse4a, sse4.1, sse4.2, popcnt, lzcnt, tsc, tscinvbit, avx, avx2, aes, clmul, bmi1, bmi2, adx, sha, fma, vzeroupper, clflush, clflushopt, rdtscp, f16c

Memory: 4k page, system-wide physical 6065M (405M free)
TotalPageFile size 13565M (AvailPageFile size 82M)
current process WorkingSet (physical memory assigned to process): 10M, peak: 10M
current process commit charge ("private bytes"): 52M, peak: 148M

vm_info: OpenJDK 64-Bit Server VM (20-ea+27-2213) for windows-amd64 JRE (20-ea+27-2213), built on 2022-12-08T17:14:47Z by "mach5one" with MS VC++ 17.1 (VS2022)

END.
